State 0:
          input ::= * expr
          colset ::= * MINUS LCP colsetlist RCP
          colset ::= * LCP colsetlist RCP
          colset ::= * STRING
          colset ::= * MINUS STRING
          expr ::= * expr AND expr
          expr ::= * expr OR expr
          expr ::= * expr NOT expr
          expr ::= * colset COLON LP expr RP
          expr ::= * LP expr RP
          expr ::= * exprlist
          exprlist ::= * cnearset
          exprlist ::= * exprlist cnearset
          cnearset ::= * nearset
          cnearset ::= * colset COLON nearset
          nearset ::= * phrase
          nearset ::= * STRING LP nearphrases neardist_opt RP
          phrase ::= * phrase PLUS STRING star_opt
          phrase ::= * STRING star_opt

                         MINUS shift        23     
                           LCP shift        15     
                        STRING shift        11     
                            LP shift        1      
                         input accept
                          expr shift        19     
                      cnearset shift-reduce 13     exprlist ::= cnearset
                      exprlist shift        6      
                        colset shift        26     
                       nearset shift-reduce 15     cnearset ::= nearset
                        phrase shift        24     

State 1:
          colset ::= * MINUS LCP colsetlist RCP
          colset ::= * LCP colsetlist RCP
          colset ::= * STRING
          colset ::= * MINUS STRING
          expr ::= * expr AND expr
          expr ::= * expr OR expr
          expr ::= * expr NOT expr
          expr ::= * colset COLON LP expr RP
          expr ::= * LP expr RP
          expr ::= LP * expr RP
          expr ::= * exprlist
          exprlist ::= * cnearset
          exprlist ::= * exprlist cnearset
          cnearset ::= * nearset
          cnearset ::= * colset COLON nearset
          nearset ::= * phrase
          nearset ::= * STRING LP nearphrases neardist_opt RP
          phrase ::= * phrase PLUS STRING star_opt
          phrase ::= * STRING star_opt

                         MINUS shift        23     
                           LCP shift        15     
                        STRING shift        11     
                            LP shift        1      
                          expr shift        17     
                      cnearset shift-reduce 13     exprlist ::= cnearset
                      exprlist shift        6      
                        colset shift        26     
                       nearset shift-reduce 15     cnearset ::= nearset
                        phrase shift        24     

State 2:
          colset ::= * MINUS LCP colsetlist RCP
          colset ::= * LCP colsetlist RCP
          colset ::= * STRING
          colset ::= * MINUS STRING
          expr ::= * expr AND expr
          expr ::= * expr OR expr
          expr ::= * expr NOT expr
          expr ::= * colset COLON LP expr RP
          expr ::= colset COLON LP * expr RP
          expr ::= * LP expr RP
          expr ::= * exprlist
          exprlist ::= * cnearset
          exprlist ::= * exprlist cnearset
          cnearset ::= * nearset
          cnearset ::= * colset COLON nearset
          nearset ::= * phrase
          nearset ::= * STRING LP nearphrases neardist_opt RP
          phrase ::= * phrase PLUS STRING star_opt
          phrase ::= * STRING star_opt

                         MINUS shift        23     
                           LCP shift        15     
                        STRING shift        11     
                            LP shift        1      
                          expr shift        18     
                      cnearset shift-reduce 13     exprlist ::= cnearset
                      exprlist shift        6      
                        colset shift        26     
                       nearset shift-reduce 15     cnearset ::= nearset
                        phrase shift        24     

State 3:
          colset ::= * MINUS LCP colsetlist RCP
          colset ::= * LCP colsetlist RCP
          colset ::= * STRING
          colset ::= * MINUS STRING
          expr ::= * expr AND expr
          expr ::= * expr OR expr
          expr ::= * expr NOT expr
          expr ::= expr NOT * expr
          expr ::= * colset COLON LP expr RP
          expr ::= * LP expr RP
          expr ::= * exprlist
          exprlist ::= * cnearset
          exprlist ::= * exprlist cnearset
          cnearset ::= * nearset
          cnearset ::= * colset COLON nearset
          nearset ::= * phrase
          nearset ::= * STRING LP nearphrases neardist_opt RP
          phrase ::= * phrase PLUS STRING star_opt
          phrase ::= * STRING star_opt

                         MINUS shift        23     
                           LCP shift        15     
                        STRING shift        11     
                            LP shift        1      
                          expr shift-reduce 9      expr ::= expr NOT expr
                      cnearset shift-reduce 13     exprlist ::= cnearset
                      exprlist shift        6      
                        colset shift        26     
                       nearset shift-reduce 15     cnearset ::= nearset
                        phrase shift        24     

State 4:
          colset ::= * MINUS LCP colsetlist RCP
          colset ::= * LCP colsetlist RCP
          colset ::= * STRING
          colset ::= * MINUS STRING
          expr ::= * expr AND expr
          expr ::= * expr OR expr
          expr ::= expr OR * expr
          expr ::= * expr NOT expr
          expr ::= * colset COLON LP expr RP
          expr ::= * LP expr RP
          expr ::= * exprlist
          exprlist ::= * cnearset
          exprlist ::= * exprlist cnearset
          cnearset ::= * nearset
          cnearset ::= * colset COLON nearset
          nearset ::= * phrase
          nearset ::= * STRING LP nearphrases neardist_opt RP
          phrase ::= * phrase PLUS STRING star_opt
          phrase ::= * STRING star_opt

                         MINUS shift        23     
                           LCP shift        15     
                        STRING shift        11     
                            LP shift        1      
                          expr shift        20     
                      cnearset shift-reduce 13     exprlist ::= cnearset
                      exprlist shift        6      
                        colset shift        26     
                       nearset shift-reduce 15     cnearset ::= nearset
                        phrase shift        24     

State 5:
          colset ::= * MINUS LCP colsetlist RCP
          colset ::= * LCP colsetlist RCP
          colset ::= * STRING
          colset ::= * MINUS STRING
          expr ::= * expr AND expr
          expr ::= expr AND * expr
          expr ::= * expr OR expr
          expr ::= * expr NOT expr
          expr ::= * colset COLON LP expr RP
          expr ::= * LP expr RP
          expr ::= * exprlist
          exprlist ::= * cnearset
          exprlist ::= * exprlist cnearset
          cnearset ::= * nearset
          cnearset ::= * colset COLON nearset
          nearset ::= * phrase
          nearset ::= * STRING LP nearphrases neardist_opt RP
          phrase ::= * phrase PLUS STRING star_opt
          phrase ::= * STRING star_opt

                         MINUS shift        23     
                           LCP shift        15     
                        STRING shift        11     
                            LP shift        1      
                          expr shift        27     
                      cnearset shift-reduce 13     exprlist ::= cnearset
                      exprlist shift        6      
                        colset shift        26     
                       nearset shift-reduce 15     cnearset ::= nearset
                        phrase shift        24     

State 6:
          colset ::= * MINUS LCP colsetlist RCP
          colset ::= * LCP colsetlist RCP
          colset ::= * STRING
          colset ::= * MINUS STRING
     (12) expr ::= exprlist *
          exprlist ::= exprlist * cnearset
          cnearset ::= * nearset
          cnearset ::= * colset COLON nearset
          nearset ::= * phrase
          nearset ::= * STRING LP nearphrases neardist_opt RP
          phrase ::= * phrase PLUS STRING star_opt
          phrase ::= * STRING star_opt

                         MINUS shift        23     
                           LCP shift        15     
                        STRING shift        11     
                      cnearset shift-reduce 14     exprlist ::= exprlist cnearset
                        colset shift        25     
                       nearset shift-reduce 15     cnearset ::= nearset
                        phrase shift        24     
                     {default} reduce       12     expr ::= exprlist

State 7:
          expr ::= colset COLON * LP expr RP
          cnearset ::= colset COLON * nearset
          nearset ::= * phrase
          nearset ::= * STRING LP nearphrases neardist_opt RP
          phrase ::= * phrase PLUS STRING star_opt
          phrase ::= * STRING star_opt

                        STRING shift        12     
                            LP shift        2      
                       nearset shift-reduce 16     cnearset ::= colset COLON nearset
                        phrase shift        24     

State 8:
          nearset ::= STRING LP nearphrases * neardist_opt RP
          nearphrases ::= nearphrases * phrase
     (21) neardist_opt ::= *
          neardist_opt ::= * COMMA STRING
          phrase ::= * phrase PLUS STRING star_opt
          phrase ::= * STRING star_opt

                        STRING shift        13     
                         COMMA shift        29     
                        phrase shift        31     
                  neardist_opt shift        32     
                     {default} reduce       21     neardist_opt ::=

State 9:
          cnearset ::= colset COLON * nearset
          nearset ::= * phrase
          nearset ::= * STRING LP nearphrases neardist_opt RP
          phrase ::= * phrase PLUS STRING star_opt
          phrase ::= * STRING star_opt

                        STRING shift        12     
                       nearset shift-reduce 16     cnearset ::= colset COLON nearset
                        phrase shift        24     

State 10:
          nearset ::= STRING LP * nearphrases neardist_opt RP
          nearphrases ::= * phrase
          nearphrases ::= * nearphrases phrase
          phrase ::= * phrase PLUS STRING star_opt
          phrase ::= * STRING star_opt

                        STRING shift        13     
                   nearphrases shift        8      
                        phrase shift        28     

State 11:
      (3) colset ::= STRING *
          nearset ::= STRING * LP nearphrases neardist_opt RP
          phrase ::= STRING * star_opt
          star_opt ::= * STAR
     (26) star_opt ::= *

                         COLON reduce       3      colset ::= STRING
                            LP shift        10     
                          STAR shift-reduce 25     star_opt ::= STAR
                      star_opt shift-reduce 24     phrase ::= STRING star_opt
                     {default} reduce       26     star_opt ::=

State 12:
          nearset ::= STRING * LP nearphrases neardist_opt RP
          phrase ::= STRING * star_opt
          star_opt ::= * STAR
     (26) star_opt ::= *

                            LP shift        10     
                          STAR shift-reduce 25     star_opt ::= STAR
                      star_opt shift-reduce 24     phrase ::= STRING star_opt
                     {default} reduce       26     star_opt ::=

State 13:
          phrase ::= STRING * star_opt
          star_opt ::= * STAR
     (26) star_opt ::= *

                          STAR shift-reduce 25     star_opt ::= STAR
                      star_opt shift-reduce 24     phrase ::= STRING star_opt
                     {default} reduce       26     star_opt ::=

State 14:
          phrase ::= phrase PLUS STRING * star_opt
          star_opt ::= * STAR
     (26) star_opt ::= *

                          STAR shift-reduce 25     star_opt ::= STAR
                      star_opt shift-reduce 23     phrase ::= phrase PLUS STRING star_opt
                     {default} reduce       26     star_opt ::=

State 15:
          colset ::= LCP * colsetlist RCP
          colsetlist ::= * colsetlist STRING
          colsetlist ::= * STRING

                        STRING shift-reduce 6      colsetlist ::= STRING
                    colsetlist shift        21     

State 16:
          colset ::= MINUS LCP * colsetlist RCP
          colsetlist ::= * colsetlist STRING
          colsetlist ::= * STRING

                        STRING shift-reduce 6      colsetlist ::= STRING
                    colsetlist shift        22     

State 17:
          expr ::= expr * AND expr
          expr ::= expr * OR expr
          expr ::= expr * NOT expr
          expr ::= LP expr * RP

                            OR shift        4      
                           AND shift        5      
                           NOT shift        3      
                            RP shift-reduce 11     expr ::= LP expr RP

State 18:
          expr ::= expr * AND expr
          expr ::= expr * OR expr
          expr ::= expr * NOT expr
          expr ::= colset COLON LP expr * RP

                            OR shift        4      
                           AND shift        5      
                           NOT shift        3      
                            RP shift-reduce 10     expr ::= colset COLON LP expr RP

State 19:
      (0) input ::= expr *
          expr ::= expr * AND expr
          expr ::= expr * OR expr
          expr ::= expr * NOT expr

                             $ reduce       0      input ::= expr
                            OR shift        4      
                           AND shift        5      
                           NOT shift        3      

State 20:
          expr ::= expr * AND expr
          expr ::= expr * OR expr
      (8) expr ::= expr OR expr *
          expr ::= expr * NOT expr

                           AND shift        5      
                           NOT shift        3      
                     {default} reduce       8      expr ::= expr OR expr

State 21:
          colset ::= LCP colsetlist * RCP
          colsetlist ::= colsetlist * STRING

                           RCP shift-reduce 2      colset ::= LCP colsetlist RCP
                        STRING shift-reduce 5      colsetlist ::= colsetlist STRING

State 22:
          colset ::= MINUS LCP colsetlist * RCP
          colsetlist ::= colsetlist * STRING

                           RCP shift-reduce 1      colset ::= MINUS LCP colsetlist RCP
                        STRING shift-reduce 5      colsetlist ::= colsetlist STRING

State 23:
          colset ::= MINUS * LCP colsetlist RCP
          colset ::= MINUS * STRING

                           LCP shift        16     
                        STRING shift-reduce 4      colset ::= MINUS STRING

State 24:
     (17) nearset ::= phrase *
          phrase ::= phrase * PLUS STRING star_opt

                          PLUS shift        30     
                     {default} reduce       17     nearset ::= phrase

State 25:
          cnearset ::= colset * COLON nearset

                         COLON shift        9      

State 26:
          expr ::= colset * COLON LP expr RP
          cnearset ::= colset * COLON nearset

                         COLON shift        7      

State 27:
          expr ::= expr * AND expr
      (7) expr ::= expr AND expr *
          expr ::= expr * OR expr
          expr ::= expr * NOT expr

                           NOT shift        3      
                     {default} reduce       7      expr ::= expr AND expr

State 28:
     (19) nearphrases ::= phrase *
          phrase ::= phrase * PLUS STRING star_opt

                          PLUS shift        30     
                     {default} reduce       19     nearphrases ::= phrase

State 29:
          neardist_opt ::= COMMA * STRING

                        STRING shift-reduce 22     neardist_opt ::= COMMA STRING

State 30:
          phrase ::= phrase PLUS * STRING star_opt

                        STRING shift        14     

State 31:
     (20) nearphrases ::= nearphrases phrase *
          phrase ::= phrase * PLUS STRING star_opt

                          PLUS shift        30     
                     {default} reduce       20     nearphrases ::= nearphrases phrase

State 32:
          nearset ::= STRING LP nearphrases neardist_opt * RP

                            RP shift-reduce 18     nearset ::= STRING LP nearphrases neardist_opt RP

----------------------------------------------------
Symbols:
    0: $:
    1: OR
    2: AND
    3: NOT
    4: TERM
    5: COLON
    6: MINUS
    7: LCP
    8: RCP
    9: STRING
   10: LP
   11: RP
   12: COMMA
   13: PLUS
   14: STAR
   15: error:
   16: input: MINUS LCP STRING LP
   17: expr: MINUS LCP STRING LP
   18: cnearset: MINUS LCP STRING
   19: exprlist: MINUS LCP STRING
   20: colset: MINUS LCP STRING
   21: colsetlist: STRING
   22: nearset: STRING
   23: nearphrases: STRING
   24: phrase: STRING
   25: neardist_opt: <lambda> COMMA
   26: star_opt: <lambda> STAR
